<?xml version="1.0" encoding="UTF-8"?>
<!-- Generated by org.testng.reporters.JUnitReportReporter -->
<testsuite hostname="MSI" failures="0" tests="4" name="testNG_basics.SampleTest" time="81.650" errors="0" timestamp="2021-08-30T12:30:32 IST" skipped="1">
  <testcase classname="testNG_basics.SampleTest" name="dataMethod1" time="23.514"/>
  <system-out/>
  <testcase classname="testNG_basics.SampleTest" name="dataMethod1" time="33.694"/>
  <system-out/>
  <testcase classname="testNG_basics.SampleTest" name="dataMethod1" time="24.442"/>
  <system-out/>
  <testcase classname="testNG_basics.SampleTest" name="hoverLogin">
    <skipped/>
  </testcase> <!-- hoverLogin -->
  <system-out/>
</testsuite> <!-- testNG_basics.SampleTest -->
