<?xml version="1.0" encoding="UTF-8"?>
<!-- Generated by org.testng.reporters.JUnitReportReporter -->
<testsuite hostname="MSI" failures="0" tests="4" name="testNG_basics.Priority_Groups_DependsOnMethods" time="137.562" errors="0" timestamp="2021-08-26T10:37:12 IST" skipped="0">
  <testcase classname="testNG_basics.Priority_Groups_DependsOnMethods" name="getTitle1" time="30.326"/>
  <system-out/>
  <testcase classname="testNG_basics.Priority_Groups_DependsOnMethods" name="click" time="30.977"/>
  <system-out/>
  <testcase classname="testNG_basics.Priority_Groups_DependsOnMethods" name="refresh" time="38.334"/>
  <system-out/>
  <testcase classname="testNG_basics.Priority_Groups_DependsOnMethods" name="search" time="37.925"/>
  <system-out/>
</testsuite> <!-- testNG_basics.Priority_Groups_DependsOnMethods -->
