<?xml version="1.0" encoding="UTF-8"?>
<!-- Generated by org.testng.reporters.JUnitReportReporter -->
<testsuite hostname="MSI" failures="0" tests="5" name="testNG_basics.Priority_Groups_DependsOnMethodsTest" time="122.968" errors="0" timestamp="2021-09-06T08:54:28 IST" skipped="0">
  <testcase classname="testNG_basics.Priority_Groups_DependsOnMethodsTest" name="getElementEnabled" time="21.064"/>
  <system-out/>
  <testcase classname="testNG_basics.Priority_Groups_DependsOnMethodsTest" name="getTitle1" time="31.274"/>
  <system-out/>
  <testcase classname="testNG_basics.Priority_Groups_DependsOnMethodsTest" name="click" time="21.419"/>
  <system-out/>
  <testcase classname="testNG_basics.Priority_Groups_DependsOnMethodsTest" name="refresh" time="26.835"/>
  <system-out/>
  <testcase classname="testNG_basics.Priority_Groups_DependsOnMethodsTest" name="search" time="22.376"/>
  <system-out/>
</testsuite> <!-- testNG_basics.Priority_Groups_DependsOnMethodsTest -->
