<?xml version="1.0" encoding="UTF-8"?>
<!-- Generated by org.testng.reporters.JUnitReportReporter -->
<testsuite hostname="MSI" failures="0" tests="3" name="testNG_basics.LaunchBrowser" time="51.137" errors="0" timestamp="2021-08-25T16:29:31 IST" skipped="0">
  <testcase classname="testNG_basics.LaunchBrowser" name="getElementEnabled" time="16.921"/>
  <system-out/>
  <testcase classname="testNG_basics.LaunchBrowser" name="getTitle" time="18.637"/>
  <system-out/>
  <testcase classname="testNG_basics.LaunchBrowser" name="getAttributeValue" time="15.579"/>
  <system-out/>
</testsuite> <!-- testNG_basics.LaunchBrowser -->
