<?xml version="1.0" encoding="UTF-8"?>
<!-- Generated by org.testng.reporters.JUnitReportReporter -->
<testsuite hostname="MSI" failures="0" tests="2" name="testNG_basics.ParametersTest" time="31.186" errors="0" timestamp="2021-08-29T23:24:53 IST" skipped="1">
  <testcase classname="testNG_basics.ParametersTest" name="tearDownafterMethodLevel" time="31.186"/>
  <system-out/>
  <testcase classname="testNG_basics.ParametersTest" name="getElementEnabled">
    <skipped/>
  </testcase> <!-- getElementEnabled -->
  <system-out/>
</testsuite> <!-- testNG_basics.ParametersTest -->
