<?xml version="1.0" encoding="UTF-8"?>
<!-- Generated by org.testng.reporters.JUnitReportReporter -->
<testsuite hostname="MSI" failures="0" tests="4" name="testNG_basics.ListnersParallel" time="102.117" errors="0" timestamp="2021-08-30T12:30:32 IST" skipped="0">
  <testcase classname="testNG_basics.ListnersParallel" name="m1" time="28.989"/>
  <system-out/>
  <testcase classname="testNG_basics.ListnersParallel" name="m3" time="23.497"/>
  <system-out/>
  <testcase classname="testNG_basics.ListnersParallel" name="m4" time="15.893"/>
  <system-out/>
  <testcase classname="testNG_basics.ListnersParallel" name="m2" time="33.738"/>
  <system-out/>
</testsuite> <!-- testNG_basics.ListnersParallel -->
